goroutine 1 [running, locked to thread]:
main.main.func1(0xc00001a240, 0x3a)
	/home/gerrysun/work/ml-prjs/go-lang/moba/moba_env/gamecore/main.go:27 +0x6f
panic(0x5ed400, 0xc00001c780)
	/usr/lib/go-1.13/src/runtime/panic.go:679 +0x1b2
_/home/gerrysun/work/ml-prjs/go-lang/moba/moba_env/gamecore/core.(*Game).HandleMultiPlayerAction(0x9645e0, 0x3, 0x0, 0x4, 0x3)
	/home/gerrysun/work/ml-prjs/go-lang/moba/moba_env/gamecore/core/logic.go:403 +0x8f3
main.main()
	/home/gerrysun/work/ml-prjs/go-lang/moba/moba_env/gamecore/main.go:146 +0xeec

goroutine 5 [runnable]:
syscall.Syscall(0x3, 0x10, 0x0, 0x0, 0x0, 0x0, 0x0)
	/usr/lib/go-1.13/src/syscall/asm_linux_amd64.s:18 +0x5
syscall.Close(0x10, 0x0, 0x0)
	/usr/lib/go-1.13/src/syscall/zsyscall_linux_amd64.go:310 +0x40
internal/poll.(*FD).destroy(0xc000074f00, 0x5d2201, 0x0)
	/usr/lib/go-1.13/src/internal/poll/fd_unix.go:78 +0x43
internal/poll.(*FD).decref(0xc000074f00, 0x1, 0x0)
	/usr/lib/go-1.13/src/internal/poll/fd_mutex.go:213 +0x42
internal/poll.(*FD).Close(0xc000074f00, 0x0, 0xc00004c718)
	/usr/lib/go-1.13/src/internal/poll/fd_unix.go:100 +0x4f
os.(*file).close(0xc000074f00, 0x0, 0x0)
	/usr/lib/go-1.13/src/os/file_unix.go:244 +0x38

